<?xml version="1.0" encoding="UTF-8"?>
<!-- Generated by org.testng.reporters.JUnitReportReporter -->
<testsuite hostname="Lenovo-PC" name="com.testngparallel.TestNGParallelGrid.TestNGParallelGridDataProviderTest" tests="4" failures="0" timestamp="10 Jun 2016 14:47:45 GMT" time="149.903" errors="0">
  <testcase name="googleSearch" time="26.051" classname="com.testngparallel.TestNGParallelGrid.TestNGParallelGridDataProviderTest"/>
  <testcase name="googleSearch" time="45.789" classname="com.testngparallel.TestNGParallelGrid.TestNGParallelGridDataProviderTest"/>
  <testcase name="googleSearch" time="51.983" classname="com.testngparallel.TestNGParallelGrid.TestNGParallelGridDataProviderTest"/>
  <testcase name="googleSearch" time="26.080" classname="com.testngparallel.TestNGParallelGrid.TestNGParallelGridDataProviderTest"/>
</testsuite> <!-- com.testngparallel.TestNGParallelGrid.TestNGParallelGridDataProviderTest -->
