<?xml version="1.0" encoding="UTF-8"?>
<!-- Generated by org.testng.reporters.JUnitReportReporter -->
<testsuite hostname="Lenovo-PC" name="com.testngparallel.TestNGParallelGrid.TestNGParameterizedGridTest" tests="2" failures="0" timestamp="10 Jun 2016 14:50:11 GMT" time="44.117" errors="0">
  <testcase name="googleSearch" time="24.944" classname="com.testngparallel.TestNGParallelGrid.TestNGParameterizedGridTest"/>
  <testcase name="googleSearch" time="19.173" classname="com.testngparallel.TestNGParallelGrid.TestNGParameterizedGridTest"/>
</testsuite> <!-- com.testngparallel.TestNGParallelGrid.TestNGParameterizedGridTest -->
